<?xml version="1.0" encoding="UTF-8"?>
<!-- Generated by org.testng.reporters.JUnitReportReporter -->
<testsuite hostname="Ilyas-MacBook-Pro.local" failures="0" tests="46" name="testNgTests" time="0.008" errors="0" timestamp="13 Sep 2018 09:15:16 GMT">
  <testcase classname="testNgTests" name="integer" time="0.000"/>
  <testcase classname="testNgTests" name="extrimeValues" time="0.000"/>
  <testcase classname="testNgTests" name="incorrectFormate" time="0.000"/>
  <testcase classname="testNgTests" name="incorrectFormate" time="0.000"/>
  <testcase classname="testNgTests" name="integer" time="0.000"/>
  <testcase classname="testNgTests" name="shortTest" time="0.000"/>
  <testcase classname="testNgTests" name="extrimeValues" time="0.000"/>
  <testcase classname="testNgTests" name="integer" time="0.000"/>
  <testcase classname="testNgTests" name="zero" time="0.000"/>
  <testcase classname="testNgTests" name="exponentFormate" time="0.000"/>
  <testcase classname="testNgTests" name="floatFormate" time="0.000"/>
  <testcase classname="testNgTests" name="shortTest" time="0.000"/>
  <testcase classname="testNgTests" name="floatFormate" time="0.000"/>
  <testcase classname="testNgTests" name="integer" time="0.000"/>
  <testcase classname="testNgTests" name="exponentFormate" time="0.000"/>
  <testcase classname="testNgTests" name="integer" time="0.000"/>
  <testcase classname="testNgTests" name="extrimeValues" time="0.000"/>
  <testcase classname="testNgTests" name="exponentFormate" time="0.007"/>
  <testcase classname="testNgTests" name="incorrectFormate" time="0.000"/>
  <testcase classname="testNgTests" name="integer" time="0.000"/>
  <testcase classname="testNgTests" name="zero" time="0.000"/>
  <testcase classname="testNgTests" name="shortTest" time="0.000"/>
  <testcase classname="testNgTests" name="zero" time="0.000"/>
  <testcase classname="testNgTests" name="integer" time="0.000"/>
  <testcase classname="testNgTests" name="integer" time="0.000"/>
  <testcase classname="testNgTests" name="incorrectFormate" time="0.000"/>
  <testcase classname="testNgTests" name="incorrectFormate" time="0.001"/>
  <testcase classname="testNgTests" name="incorrectFormate" time="0.000"/>
  <testcase classname="testNgTests" name="incorrectFormate" time="0.000"/>
  <testcase classname="testNgTests" name="incorrectFormate" time="0.000"/>
  <testcase classname="testNgTests" name="incorrectFormate" time="0.000"/>
  <testcase classname="testNgTests" name="floatFormate" time="0.000"/>
  <testcase classname="testNgTests" name="exponentFormate" time="0.000"/>
  <testcase classname="testNgTests" name="negative" time="0.000"/>
  <testcase classname="testNgTests" name="exponentFormate" time="0.000"/>
  <testcase classname="testNgTests" name="extrimeValues" time="0.000"/>
  <testcase classname="testNgTests" name="shortTest" time="0.000"/>
  <testcase classname="testNgTests" name="extrimeValues" time="0.000"/>
  <testcase classname="testNgTests" name="integer" time="0.000"/>
  <testcase classname="testNgTests" name="integer" time="0.000"/>
  <testcase classname="testNgTests" name="integer" time="0.000"/>
  <testcase classname="testNgTests" name="floatFormate" time="0.000"/>
  <testcase classname="testNgTests" name="zero" time="0.000"/>
  <testcase classname="testNgTests" name="integer" time="0.000"/>
  <testcase classname="testNgTests" name="incorrectFormate" time="0.000"/>
  <testcase classname="testNgTests" name="integer" time="0.000"/>
</testsuite> <!-- testNgTests -->
