<?xml version="1.0" encoding="UTF-8"?>
<!-- Generated by org.testng.reporters.JUnitReportReporter -->
<testsuite hostname="Ilyas-MacBook-Pro.local" failures="0" tests="32" name="testNgTests" time="0.015" errors="0" timestamp="13 Sep 2018 19:08:59 GMT">
  <testcase classname="testNgTests" name="floatFormat" time="0.001"/>
  <testcase classname="testNgTests" name="integer" time="0.000"/>
  <testcase classname="testNgTests" name="zero" time="0.000"/>
  <testcase classname="testNgTests" name="floatFormat" time="0.000"/>
  <testcase classname="testNgTests" name="incorrectFormat" time="0.001"/>
  <testcase classname="testNgTests" name="incorrectFormat" time="0.000"/>
  <testcase classname="testNgTests" name="zero" time="0.001"/>
  <testcase classname="testNgTests" name="floatFormat" time="0.000"/>
  <testcase classname="testNgTests" name="incorrectFormat" time="0.000"/>
  <testcase classname="testNgTests" name="extremeValues" time="0.000"/>
  <testcase classname="testNgTests" name="extremeValues" time="0.001"/>
  <testcase classname="testNgTests" name="negative" time="0.000"/>
  <testcase classname="testNgTests" name="integer" time="0.000"/>
  <testcase classname="testNgTests" name="exponentFormat" time="0.007"/>
  <testcase classname="testNgTests" name="shortTest" time="0.000"/>
  <testcase classname="testNgTests" name="shortTest" time="0.000"/>
  <testcase classname="testNgTests" name="integer" time="0.000"/>
  <testcase classname="testNgTests" name="extremeValues" time="0.000"/>
  <testcase classname="testNgTests" name="incorrectFormat" time="0.000"/>
  <testcase classname="testNgTests" name="integer" time="0.001"/>
  <testcase classname="testNgTests" name="shortTest" time="0.000"/>
  <testcase classname="testNgTests" name="extremeValues" time="0.000"/>
  <testcase classname="testNgTests" name="incorrectFormat" time="0.000"/>
  <testcase classname="testNgTests" name="incorrectFormat" time="0.001"/>
  <testcase classname="testNgTests" name="integer" time="0.001"/>
  <testcase classname="testNgTests" name="exponentFormat" time="0.000"/>
  <testcase classname="testNgTests" name="incorrectFormat" time="0.000"/>
  <testcase classname="testNgTests" name="exponentFormat" time="0.000"/>
  <testcase classname="testNgTests" name="zero" time="0.000"/>
  <testcase classname="testNgTests" name="shortTest" time="0.000"/>
  <testcase classname="testNgTests" name="zero" time="0.000"/>
  <testcase classname="testNgTests" name="exponentFormat" time="0.001"/>
</testsuite> <!-- testNgTests -->
